0 info it worked if it ends with ok
1 verbose cli [ 'C:\\Program Files (x86)\\nodejs\\\\node.exe',
1 verbose cli   'C:\\Program Files (x86)\\nodejs\\node_modules\\npm\\bin\\npm-cli.js',
1 verbose cli   'install',
1 verbose cli   'node-kinect' ]
2 info using npm@1.2.32
3 info using node@v0.10.12
4 verbose node symlink C:\Program Files (x86)\nodejs\\node.exe
5 verbose read json C:\Projects\Ar-Drone\package.json
6 verbose read json C:\Projects\Ar-Drone\package.json
7 verbose cache add [ 'node-kinect', null ]
8 verbose cache add name=undefined spec="node-kinect" args=["node-kinect",null]
9 verbose parsed url { protocol: null,
9 verbose parsed url   slashes: null,
9 verbose parsed url   auth: null,
9 verbose parsed url   host: null,
9 verbose parsed url   port: null,
9 verbose parsed url   hostname: null,
9 verbose parsed url   hash: null,
9 verbose parsed url   search: null,
9 verbose parsed url   query: null,
9 verbose parsed url   pathname: 'node-kinect',
9 verbose parsed url   path: 'node-kinect',
9 verbose parsed url   href: 'node-kinect' }
10 silly lockFile e090dd4f-node-kinect node-kinect
11 verbose lock node-kinect C:\Users\rsleggett\AppData\Roaming\npm-cache\e090dd4f-node-kinect.lock
12 silly lockFile e090dd4f-node-kinect node-kinect
13 silly lockFile e090dd4f-node-kinect node-kinect
14 verbose addNamed [ 'node-kinect', '' ]
15 verbose addNamed [ null, '' ]
16 silly lockFile 5f3b5d2d-node-kinect node-kinect@
17 verbose lock node-kinect@ C:\Users\rsleggett\AppData\Roaming\npm-cache\5f3b5d2d-node-kinect.lock
18 silly addNameRange { name: 'node-kinect', range: '', hasData: false }
19 verbose url raw node-kinect
20 verbose url resolving [ 'https://registry.npmjs.org/', './node-kinect' ]
21 verbose url resolved https://registry.npmjs.org/node-kinect
22 info trying registry request attempt 1 at 10:34:11
23 http GET https://registry.npmjs.org/node-kinect
24 http 404 https://registry.npmjs.org/node-kinect
25 silly registry.get cb [ 404,
25 silly registry.get   { server: 'CouchDB/1.3.0 (Erlang OTP/R15B03)',
25 silly registry.get     date: 'Sat, 27 Jul 2013 09:34:10 GMT',
25 silly registry.get     'content-type': 'application/json',
25 silly registry.get     'content-length': '52',
25 silly registry.get     'cache-control': 'must-revalidate' } ]
26 silly lockFile 5f3b5d2d-node-kinect node-kinect@
27 silly lockFile 5f3b5d2d-node-kinect node-kinect@
28 error 404 'node-kinect' is not in the npm registry.
28 error 404 You should bug the author to publish it
28 error 404
28 error 404 Maybe try 'npm search kinect'
28 error 404
28 error 404 Note that you can also install from a
28 error 404 tarball, folder, or http url, or git url.
29 error System Windows_NT 6.1.7600
30 error command "C:\\Program Files (x86)\\nodejs\\\\node.exe" "C:\\Program Files (x86)\\nodejs\\node_modules\\npm\\bin\\npm-cli.js" "install" "node-kinect"
31 error cwd C:\Projects\Ar-Drone
32 error node -v v0.10.12
33 error npm -v 1.2.32
34 error code E404
35 verbose exit [ 1, true ]
