0 info it worked if it ends with ok
1 verbose cli [ 'C:\\Program Files (x86)\\nodejs\\\\node.exe',
1 verbose cli   'C:\\Program Files (x86)\\nodejs\\node_modules\\npm\\bin\\npm-cli.js',
1 verbose cli   'install',
1 verbose cli   'simple-openni' ]
2 info using npm@1.2.32
3 info using node@v0.10.12
4 verbose node symlink C:\Program Files (x86)\nodejs\\node.exe
5 verbose read json c:\Projects\Ar-Drone\src\package.json
6 verbose read json c:\Projects\Ar-Drone\src\node_modules\ar-drone\package.json
7 verbose read json c:\Projects\Ar-Drone\src\node_modules\browserify\package.json
8 verbose read json c:\Projects\Ar-Drone\src\node_modules\dronestream\package.json
9 verbose read json c:\Projects\Ar-Drone\src\node_modules\ffmpeg\package.json
10 verbose read json c:\Projects\Ar-Drone\src\node_modules\ffmpeg-node\package.json
11 verbose read json c:\Projects\Ar-Drone\src\package.json
12 verbose cache add [ 'simple-openni', null ]
13 verbose cache add name=undefined spec="simple-openni" args=["simple-openni",null]
14 verbose parsed url { protocol: null,
14 verbose parsed url   slashes: null,
14 verbose parsed url   auth: null,
14 verbose parsed url   host: null,
14 verbose parsed url   port: null,
14 verbose parsed url   hostname: null,
14 verbose parsed url   hash: null,
14 verbose parsed url   search: null,
14 verbose parsed url   query: null,
14 verbose parsed url   pathname: 'simple-openni',
14 verbose parsed url   path: 'simple-openni',
14 verbose parsed url   href: 'simple-openni' }
15 silly lockFile 3b55ae7d-simple-openni simple-openni
16 verbose lock simple-openni C:\Users\rsleggett\AppData\Roaming\npm-cache\3b55ae7d-simple-openni.lock
17 silly lockFile 3b55ae7d-simple-openni simple-openni
18 silly lockFile 3b55ae7d-simple-openni simple-openni
19 verbose addNamed [ 'simple-openni', '' ]
20 verbose addNamed [ null, '' ]
21 silly lockFile ce780027-simple-openni simple-openni@
22 verbose lock simple-openni@ C:\Users\rsleggett\AppData\Roaming\npm-cache\ce780027-simple-openni.lock
23 silly addNameRange { name: 'simple-openni', range: '', hasData: false }
24 verbose url raw simple-openni
25 verbose url resolving [ 'https://registry.npmjs.org/', './simple-openni' ]
26 verbose url resolved https://registry.npmjs.org/simple-openni
27 info trying registry request attempt 1 at 15:47:54
28 http GET https://registry.npmjs.org/simple-openni
29 http 404 https://registry.npmjs.org/simple-openni
30 silly registry.get cb [ 404,
30 silly registry.get   { server: 'CouchDB/1.3.0 (Erlang OTP/R15B03)',
30 silly registry.get     date: 'Sat, 27 Jul 2013 14:47:52 GMT',
30 silly registry.get     'content-type': 'application/json',
30 silly registry.get     'content-length': '52',
30 silly registry.get     'cache-control': 'must-revalidate' } ]
31 silly lockFile ce780027-simple-openni simple-openni@
32 silly lockFile ce780027-simple-openni simple-openni@
33 error 404 'simple-openni' is not in the npm registry.
33 error 404 You should bug the author to publish it
33 error 404
33 error 404 Note that you can also install from a
33 error 404 tarball, folder, or http url, or git url.
34 error System Windows_NT 6.1.7600
35 error command "C:\\Program Files (x86)\\nodejs\\\\node.exe" "C:\\Program Files (x86)\\nodejs\\node_modules\\npm\\bin\\npm-cli.js" "install" "simple-openni"
36 error cwd c:\Projects\Ar-Drone\src
37 error node -v v0.10.12
38 error npm -v 1.2.32
39 error code E404
40 verbose exit [ 1, true ]
